<?xml version="1.0" encoding="UTF-8"?>
<!-- Generated by org.testng.reporters.JUnitReportReporter -->
<testsuite hostname="DESKTOP-L8VPHJS" failures="0" tests="1" name="testScripts.ExcelObjTest" time="6.950" errors="0" timestamp="2023-12-12T12:49:18 IST" skipped="0">
  <testcase classname="testScripts.ExcelObjTest" name="validLogin" time="6.950"/>
  <system-out/>
</testsuite> <!-- testScripts.ExcelObjTest -->
