<?xml version="1.0" encoding="UTF-8"?>
<!-- Generated by org.testng.reporters.JUnitReportReporter -->
<testsuite hostname="DESKTOP-L8VPHJS" failures="0" tests="1" name="testScripts.RemoteDriverTest" time="6.626" errors="0" timestamp="2023-11-29T19:31:17 IST" skipped="0">
  <testcase classname="testScripts.RemoteDriverTest" name="test" time="6.626"/>
  <system-out/>
</testsuite> <!-- testScripts.RemoteDriverTest -->
