<?xml version="1.0" encoding="UTF-8"?>
<!-- Generated by org.testng.reporters.JUnitReportReporter -->
<testsuite hostname="DESKTOP-L8VPHJS" failures="0" tests="1" name="remoteScripts.RemoteDriverSample" time="6.087" errors="0" timestamp="2023-12-13T13:32:15 IST" skipped="0">
  <testcase classname="remoteScripts.RemoteDriverSample" name="sampleTest" time="6.087"/>
  <system-out/>
</testsuite> <!-- remoteScripts.RemoteDriverSample -->
