<?xml version="1.0" encoding="UTF-8"?>
<!-- Generated by org.testng.reporters.JUnitReportReporter -->
<testsuite hostname="DESKTOP-L8VPHJS" failures="0" tests="1" name="testScripts.CDPTest" time="4.930" errors="0" timestamp="2023-12-13T11:36:05 IST" skipped="0">
  <testcase classname="testScripts.CDPTest" name="basicAuthTest" time="4.930"/>
  <system-out/>
</testsuite> <!-- testScripts.CDPTest -->
