<?xml version="1.0" encoding="UTF-8"?>
<!-- Generated by org.testng.reporters.JUnitReportReporter -->
<testsuite hostname="DESKTOP-L8VPHJS" failures="0" tests="1" name="testScripts.SampleTwoTest" time="9.085" errors="0" timestamp="2023-12-11T10:05:23 IST" skipped="0">
  <testcase classname="testScripts.SampleTwoTest" name="cypressSearchTest" time="9.085"/>
  <system-out/>
</testsuite> <!-- testScripts.SampleTwoTest -->
