<?xml version="1.0" encoding="UTF-8"?>
<!-- Generated by org.testng.reporters.JUnitReportReporter -->
<testsuite hostname="DESKTOP-L8VPHJS" failures="0" tests="1" name="testScripts.SampleTwoTest" time="5.647" errors="0" timestamp="2023-12-11T10:45:34 IST" skipped="0">
  <testcase classname="testScripts.SampleTwoTest" name="cypressSearchTest" time="5.647"/>
</testsuite> <!-- testScripts.SampleTwoTest -->
